Arguments: 
  C:\Program Files\nodejs\node.exe C:\Users\gorvy\AppData\Roaming\npm\node_modules\yarn\bin\yarn.js add nodemone

PATH: 
  C:\Users\gorvy\bin;C:\Program Files\Git\mingw64\bin;C:\Program Files\Git\usr\local\bin;C:\Program Files\Git\usr\bin;C:\Program Files\Git\usr\bin;C:\Program Files\Git\mingw64\bin;C:\Program Files\Git\usr\bin;C:\Users\gorvy\bin;C:\Windows\system32;C:\Windows;C:\Windows\System32\Wbem;C:\Windows\System32\WindowsPowerShell\v1.0;C:\Windows\System32\OpenSSH;C:\Program Files\nodejs;C:\Program Files\Git\cmd;C:\Users\gorvy\AppData\Local\Microsoft\WindowsApps;C:\Users\gorvy\AppData\Local\Programs\Microsoft VS Code\bin;C:\Users\gorvy\AppData\Roaming\npm;C:\Program Files\Git\usr\bin\vendor_perl;C:\Program Files\Git\usr\bin\core_perl

Yarn version: 
  1.22.4

Node version: 
  12.16.2

Platform: 
  win32 x64

Trace: 
  Error: https://registry.yarnpkg.com/nodemone: Not found
      at Request.params.callback [as _callback] (C:\Users\gorvy\AppData\Roaming\npm\node_modules\yarn\lib\cli.js:66987:18)
      at Request.self.callback (C:\Users\gorvy\AppData\Roaming\npm\node_modules\yarn\lib\cli.js:140748:22)
      at Request.emit (events.js:310:20)
      at Request.<anonymous> (C:\Users\gorvy\AppData\Roaming\npm\node_modules\yarn\lib\cli.js:141720:10)
      at Request.emit (events.js:310:20)
      at IncomingMessage.<anonymous> (C:\Users\gorvy\AppData\Roaming\npm\node_modules\yarn\lib\cli.js:141642:12)
      at Object.onceWrapper (events.js:416:28)
      at IncomingMessage.emit (events.js:322:22)
      at endReadableNT (_stream_readable.js:1187:12)
      at processTicksAndRejections (internal/process/task_queues.js:84:21)

npm manifest: 
  {
    "name": "whatsapp-mern-backend",
    "version": "1.0.0",
    "description": "",
    "main": "server.js",
    "type": "module",
    "scripts": {
      "test": "echo \"Error: no test specified\" && exit 1",
      "start": "node server.js"
    },
    "author": "Goryachkin Vyacheslav",
    "license": "ISC",
    "dependencies": {
      "express": "^4.17.1",
      "mongoose": "^5.10.3"
    }
  }

yarn manifest: 
  No manifest

Lockfile: 
  No lockfile
